<html>
<head>
<title>TestNG:  Default test</title>
<link href="../testng.css" rel="stylesheet" type="text/css" />
<link href="../my-testng.css" rel="stylesheet" type="text/css" />

<style type="text/css">
.log { display: none;} 
.stack-trace { display: none;} 
</style>
<script type="text/javascript">
<!--
function flip(e) {
  current = e.style.display;
  if (current == 'block') {
    e.style.display = 'none';
    return 0;
  }
  else {
    e.style.display = 'block';
    return 1;
  }
}

function toggleBox(szDivId, elem, msg1, msg2)
{
  var res = -1;  if (document.getElementById) {
    res = flip(document.getElementById(szDivId));
  }
  else if (document.all) {
    // this is the way old msie versions work
    res = flip(document.all[szDivId]);
  }
  if(elem) {
    if(res == 0) elem.innerHTML = msg1; else elem.innerHTML = msg2;
  }

}

function toggleAllBoxes() {
  if (document.getElementsByTagName) {
    d = document.getElementsByTagName('div');
    for (i = 0; i < d.length; i++) {
      if (d[i].className == 'log') {
        flip(d[i]);
      }
    }
  }
}

// -->
</script>

</head>
<body>
<h2 align='center'>Default test</h2><table border='1' align="center">
<tr>
<td>Tests passed/Failed/Skipped:</td><td>2/0/5</td>
</tr><tr>
<td>Started on:</td><td>Thu Sep 10 18:38:35 IST 2015</td>
</tr>
<tr><td>Total time:</td><td>4765 seconds (4765961 ms)</td>
</tr><tr>
<td>Included groups:</td><td></td>
</tr><tr>
<td>Excluded groups:</td><td></td>
</tr>
</table><p/>
<small><i>(Hover the method name to see the test class name)</i></small><p/>
<table width='100%' border='1' class='invocation-failed'>
<tr><td colspan='4' align='center'><b>FAILED CONFIGURATIONS</b></td></tr>
<tr><td><b>Test method</b></td>
<td width="30%"><b>Exception</b></td>
<td width="10%"><b>Time (seconds)</b></td>
<td><b>Instance</b></td>
</tr>
<tr>
<td title='com.eigenRisk.TestSuite.Top_N_DataValidation.openBrowser()'><b>openBrowser</b><br>Test class: com.eigenRisk.TestSuite.Top_N_DataValidation</td>
<td><div><pre>org.openqa.selenium.WebDriverException: Failed to connect to binary FirefoxBinary(C:\Program Files (x86)\Mozilla Firefox\firefox.exe) on port 7057; process output follows: 

Build info: version: &apos;2.45.0&apos;, revision: &apos;32a636c&apos;, time: &apos;2015-03-05 22:01:35&apos;
System info: host: &apos;Abhilash&apos;, ip: &apos;192.168.86.1&apos;, os.name: &apos;Windows 7&apos;, os.arch: &apos;amd64&apos;, os.version: &apos;6.1&apos;, java.version: &apos;1.8.0_31&apos;
Driver info: driver.version: FirefoxDriver
	at org.openqa.selenium.firefox.internal.NewProfileExtensionConnection.start(NewProfileExtensionConnection.java:134)
	at org.openqa.selenium.firefox.FirefoxDriver.startClient(FirefoxDriver.java:246)
	at org.openqa.selenium.remote.RemoteWebDriver.&lt;init&gt;(RemoteWebDriver.java:114)
	at org.openqa.selenium.firefox.FirefoxDriver.&lt;init&gt;(FirefoxDriver.java:193)
	at org.openqa.selenium.firefox.FirefoxDriver.&lt;init&gt;(FirefoxDriver.java:186)
	at org.openqa.selenium.firefox.FirefoxDriver.&lt;init&gt;(FirefoxDriver.java:182)
	at org.openqa.selenium.firefox.FirefoxDriver.&lt;init&gt;(FirefoxDriver.java:95)
	at org.eigenrisk.commonutilities.SelectBrowser.selectBrowser(SelectBrowser.java:15)
	at com.eigenRisk.TestSuite.Top_N_DataValidation.openBrowser(Top_N_DataValidation.java:61)
	at sun.reflect.NativeMethodAccessorImpl.invoke0(Native Method)
	at sun.reflect.NativeMethodAccessorImpl.invoke(Unknown Source)
	at sun.reflect.DelegatingMethodAccessorImpl.invoke(Unknown Source)
	at java.lang.reflect.Method.invoke(Unknown Source)
	at org.testng.internal.MethodInvocationHelper.invokeMethod(MethodInvocationHelper.java:84)
	at org.testng.internal.Invoker.invokeConfigurationMethod(Invoker.java:564)
	at org.testng.internal.Invoker.invokeConfigurations(Invoker.java:213)
	at org.testng.internal.Invoker.invokeMethod(Invoker.java:653)
	at org.testng.internal.Invoker.invokeTestMethod(Invoker.java:901)
	at org.testng.internal.Invoker.invokeTestMethods(Invoker.java:1231)
	at org.testng.internal.TestMethodWorker.invokeTestMethods(TestMethodWorker.java:127)
	at org.testng.internal.TestMethodWorker.run(TestMethodWorker.java:111)
	at org.testng.TestRunner.privateRun(TestRunner.java:767)
	at org.testng.TestRunner.run(TestRunner.java:617)
	at org.testng.SuiteRunner.runTest(SuiteRunner.java:334)
	at org.testng.SuiteRunner.runSequentially(SuiteRunner.java:329)
	at org.testng.SuiteRunner.privateRun(SuiteRunner.java:291)
	at org.testng.SuiteRunner.run(SuiteRunner.java:240)
	at org.testng.SuiteRunnerWorker.runSuite(SuiteRunnerWorker.java:52)
	at org.testng.SuiteRunnerWorker.run(SuiteRunnerWorker.java:86)
	at org.testng.TestNG.runSuitesSequentially(TestNG.java:1224)
	at org.testng.TestNG.runSuitesLocally(TestNG.java:1149)
	at org.testng.TestNG.run(TestNG.java:1057)
	at org.testng.remote.RemoteTestNG.run(RemoteTestNG.java:111)
	at org.testng.remote.RemoteTestNG.initAndRun(RemoteTestNG.java:204)
	at org.testng.remote.RemoteTestNG.main(RemoteTestNG.java:175)
Caused by: org.openqa.selenium.WebDriverException: java.lang.InterruptedException: Process timed out after waiting for 45000 ms.
Build info: version: &apos;2.45.0&apos;, revision: &apos;32a636c&apos;, time: &apos;2015-03-05 22:01:35&apos;
System info: host: &apos;Abhilash&apos;, ip: &apos;192.168.86.1&apos;, os.name: &apos;Windows 7&apos;, os.arch: &apos;amd64&apos;, os.version: &apos;6.1&apos;, java.version: &apos;1.8.0_31&apos;
Driver info: driver.version: FirefoxDriver
	at org.openqa.selenium.os.CommandLine.waitFor(CommandLine.java:131)
	at org.openqa.selenium.firefox.FirefoxBinary.waitFor(FirefoxBinary.java:222)
	at org.openqa.selenium.firefox.FirefoxBinary.clean(FirefoxBinary.java:242)
	at org.openqa.selenium.firefox.internal.NewProfileExtensionConnection.start(NewProfileExtensionConnection.java:91)
	... 34 more
Caused by: java.lang.InterruptedException: Process timed out after waiting for 45000 ms.
	at org.openqa.selenium.os.UnixProcess.waitFor(UnixProcess.java:148)
	at org.openqa.selenium.os.CommandLine.waitFor(CommandLine.java:129)
	... 37 more
</pre></div><a href='#' onClick='toggleBox("stack-trace1828508781", this, "Click to show all stack frames", "Click to hide stack frames")'>Click to show all stack frames</a>
<div class='stack-trace' id='stack-trace1828508781'><pre>org.openqa.selenium.WebDriverException: Failed to connect to binary FirefoxBinary(C:\Program Files (x86)\Mozilla Firefox\firefox.exe) on port 7057; process output follows: 

Build info: version: &apos;2.45.0&apos;, revision: &apos;32a636c&apos;, time: &apos;2015-03-05 22:01:35&apos;
System info: host: &apos;Abhilash&apos;, ip: &apos;192.168.86.1&apos;, os.name: &apos;Windows 7&apos;, os.arch: &apos;amd64&apos;, os.version: &apos;6.1&apos;, java.version: &apos;1.8.0_31&apos;
Driver info: driver.version: FirefoxDriver
	at org.openqa.selenium.firefox.internal.NewProfileExtensionConnection.start(NewProfileExtensionConnection.java:134)
	at org.openqa.selenium.firefox.FirefoxDriver.startClient(FirefoxDriver.java:246)
	at org.openqa.selenium.remote.RemoteWebDriver.&lt;init&gt;(RemoteWebDriver.java:114)
	at org.openqa.selenium.firefox.FirefoxDriver.&lt;init&gt;(FirefoxDriver.java:193)
	at org.openqa.selenium.firefox.FirefoxDriver.&lt;init&gt;(FirefoxDriver.java:186)
	at org.openqa.selenium.firefox.FirefoxDriver.&lt;init&gt;(FirefoxDriver.java:182)
	at org.openqa.selenium.firefox.FirefoxDriver.&lt;init&gt;(FirefoxDriver.java:95)
	at org.eigenrisk.commonutilities.SelectBrowser.selectBrowser(SelectBrowser.java:15)
	at com.eigenRisk.TestSuite.Top_N_DataValidation.openBrowser(Top_N_DataValidation.java:61)
	at sun.reflect.NativeMethodAccessorImpl.invoke0(Native Method)
	at sun.reflect.NativeMethodAccessorImpl.invoke(Unknown Source)
	at sun.reflect.DelegatingMethodAccessorImpl.invoke(Unknown Source)
	at java.lang.reflect.Method.invoke(Unknown Source)
	at org.testng.internal.MethodInvocationHelper.invokeMethod(MethodInvocationHelper.java:84)
	at org.testng.internal.Invoker.invokeConfigurationMethod(Invoker.java:564)
	at org.testng.internal.Invoker.invokeConfigurations(Invoker.java:213)
	at org.testng.internal.Invoker.invokeMethod(Invoker.java:653)
	at org.testng.internal.Invoker.invokeTestMethod(Invoker.java:901)
	at org.testng.internal.Invoker.invokeTestMethods(Invoker.java:1231)
	at org.testng.internal.TestMethodWorker.invokeTestMethods(TestMethodWorker.java:127)
	at org.testng.internal.TestMethodWorker.run(TestMethodWorker.java:111)
	at org.testng.TestRunner.privateRun(TestRunner.java:767)
	at org.testng.TestRunner.run(TestRunner.java:617)
	at org.testng.SuiteRunner.runTest(SuiteRunner.java:334)
	at org.testng.SuiteRunner.runSequentially(SuiteRunner.java:329)
	at org.testng.SuiteRunner.privateRun(SuiteRunner.java:291)
	at org.testng.SuiteRunner.run(SuiteRunner.java:240)
	at org.testng.SuiteRunnerWorker.runSuite(SuiteRunnerWorker.java:52)
	at org.testng.SuiteRunnerWorker.run(SuiteRunnerWorker.java:86)
	at org.testng.TestNG.runSuitesSequentially(TestNG.java:1224)
	at org.testng.TestNG.runSuitesLocally(TestNG.java:1149)
	at org.testng.TestNG.run(TestNG.java:1057)
	at org.testng.remote.RemoteTestNG.run(RemoteTestNG.java:111)
	at org.testng.remote.RemoteTestNG.initAndRun(RemoteTestNG.java:204)
	at org.testng.remote.RemoteTestNG.main(RemoteTestNG.java:175)
Caused by: org.openqa.selenium.WebDriverException: java.lang.InterruptedException: Process timed out after waiting for 45000 ms.
Build info: version: &apos;2.45.0&apos;, revision: &apos;32a636c&apos;, time: &apos;2015-03-05 22:01:35&apos;
System info: host: &apos;Abhilash&apos;, ip: &apos;192.168.86.1&apos;, os.name: &apos;Windows 7&apos;, os.arch: &apos;amd64&apos;, os.version: &apos;6.1&apos;, java.version: &apos;1.8.0_31&apos;
Driver info: driver.version: FirefoxDriver
	at org.openqa.selenium.os.CommandLine.waitFor(CommandLine.java:131)
	at org.openqa.selenium.firefox.FirefoxBinary.waitFor(FirefoxBinary.java:222)
	at org.openqa.selenium.firefox.FirefoxBinary.clean(FirefoxBinary.java:242)
	at org.openqa.selenium.firefox.internal.NewProfileExtensionConnection.start(NewProfileExtensionConnection.java:91)
	... 34 more
Caused by: java.lang.InterruptedException: Process timed out after waiting for 45000 ms.
	at org.openqa.selenium.os.UnixProcess.waitFor(UnixProcess.java:148)
	at org.openqa.selenium.os.CommandLine.waitFor(CommandLine.java:129)
	... 37 more
</pre></div></td>
<td>0</td>
<td>com.eigenRisk.TestSuite.Top_N_DataValidation@45c8e616</td></tr>
</table><p>
<table width='100%' border='1' class='invocation-skipped'>
<tr><td colspan='4' align='center'><b>SKIPPED CONFIGURATIONS</b></td></tr>
<tr><td><b>Test method</b></td>
<td width="30%"><b>Exception</b></td>
<td width="10%"><b>Time (seconds)</b></td>
<td><b>Instance</b></td>
</tr>
<tr>
<td title='com.eigenRisk.TestSuite.Top_N_DataValidation.openBrowser()'><b>openBrowser</b><br>Test class: com.eigenRisk.TestSuite.Top_N_DataValidation</td>
<td></td>
<td>0</td>
<td>com.eigenRisk.TestSuite.Top_N_DataValidation@45c8e616</td></tr>
<tr>
<td title='com.eigenRisk.TestSuite.Top_N_DataValidation.openBrowser()'><b>openBrowser</b><br>Test class: com.eigenRisk.TestSuite.Top_N_DataValidation</td>
<td></td>
<td>0</td>
<td>com.eigenRisk.TestSuite.Top_N_DataValidation@45c8e616</td></tr>
<tr>
<td title='com.eigenRisk.TestSuite.Top_N_DataValidation.openBrowser()'><b>openBrowser</b><br>Test class: com.eigenRisk.TestSuite.Top_N_DataValidation</td>
<td></td>
<td>0</td>
<td>com.eigenRisk.TestSuite.Top_N_DataValidation@45c8e616</td></tr>
<tr>
<td title='com.eigenRisk.TestSuite.Top_N_DataValidation.openBrowser()'><b>openBrowser</b><br>Test class: com.eigenRisk.TestSuite.Top_N_DataValidation</td>
<td></td>
<td>0</td>
<td>com.eigenRisk.TestSuite.Top_N_DataValidation@45c8e616</td></tr>
<tr>
<td title='com.eigenRisk.TestSuite.Top_N_DataValidation.closeBrowser()'><b>closeBrowser</b><br>Test class: com.eigenRisk.TestSuite.Top_N_DataValidation</td>
<td></td>
<td>0</td>
<td>com.eigenRisk.TestSuite.Top_N_DataValidation@45c8e616</td></tr>
<tr>
<td title='com.eigenRisk.TestSuite.Top_N_DataValidation.closeBrowser()'><b>closeBrowser</b><br>Test class: com.eigenRisk.TestSuite.Top_N_DataValidation</td>
<td></td>
<td>0</td>
<td>com.eigenRisk.TestSuite.Top_N_DataValidation@45c8e616</td></tr>
<tr>
<td title='com.eigenRisk.TestSuite.Top_N_DataValidation.closeBrowser()'><b>closeBrowser</b><br>Test class: com.eigenRisk.TestSuite.Top_N_DataValidation</td>
<td></td>
<td>0</td>
<td>com.eigenRisk.TestSuite.Top_N_DataValidation@45c8e616</td></tr>
<tr>
<td title='com.eigenRisk.TestSuite.Top_N_DataValidation.closeBrowser()'><b>closeBrowser</b><br>Test class: com.eigenRisk.TestSuite.Top_N_DataValidation</td>
<td></td>
<td>0</td>
<td>com.eigenRisk.TestSuite.Top_N_DataValidation@45c8e616</td></tr>
<tr>
<td title='com.eigenRisk.TestSuite.Top_N_DataValidation.closeBrowser()'><b>closeBrowser</b><br>Test class: com.eigenRisk.TestSuite.Top_N_DataValidation</td>
<td></td>
<td>0</td>
<td>com.eigenRisk.TestSuite.Top_N_DataValidation@45c8e616</td></tr>
<tr>
<td title='com.eigenRisk.TestSuite.Top_N_DataValidation.afterTest()'><b>afterTest</b><br>Test class: com.eigenRisk.TestSuite.Top_N_DataValidation</td>
<td></td>
<td>0</td>
<td>null</td></tr>
</table><p>
<table width='100%' border='1' class='invocation-passed'>
<tr><td colspan='4' align='center'><b>PASSED TESTS</b></td></tr>
<tr><td><b>Test method</b></td>
<td width="30%"><b>Exception</b></td>
<td width="10%"><b>Time (seconds)</b></td>
<td><b>Instance</b></td>
</tr>
<tr>
<td title='com.eigenRisk.TestSuite.Top_N_DataValidation.EvaluateTIV_ForEachAsset()'><b>EvaluateTIV_ForEachAsset</b><br>Test class: com.eigenRisk.TestSuite.Top_N_DataValidation</td>
<td></td>
<td>90</td>
<td>com.eigenRisk.TestSuite.Top_N_DataValidation@45c8e616</td></tr>
<tr>
<td title='com.eigenRisk.TestSuite.Top_N_DataValidation.EvaluateTopN_Assets()'><b>EvaluateTopN_Assets</b><br>Test class: com.eigenRisk.TestSuite.Top_N_DataValidation</td>
<td></td>
<td>47</td>
<td>com.eigenRisk.TestSuite.Top_N_DataValidation@45c8e616</td></tr>
</table><p>
<table width='100%' border='1' class='invocation-skipped'>
<tr><td colspan='4' align='center'><b>SKIPPED TESTS</b></td></tr>
<tr><td><b>Test method</b></td>
<td width="30%"><b>Exception</b></td>
<td width="10%"><b>Time (seconds)</b></td>
<td><b>Instance</b></td>
</tr>
<tr>
<td title='com.eigenRisk.TestSuite.Top_N_DataValidation.EvaluateCurrencyConversionFor_BBD()'><b>EvaluateCurrencyConversionFor_BBD</b><br>Test class: com.eigenRisk.TestSuite.Top_N_DataValidation</td>
<td></td>
<td>0</td>
<td>com.eigenRisk.TestSuite.Top_N_DataValidation@45c8e616</td></tr>
<tr>
<td title='com.eigenRisk.TestSuite.Top_N_DataValidation.EvaluateCurrencyConversionFor_CAD()'><b>EvaluateCurrencyConversionFor_CAD</b><br>Test class: com.eigenRisk.TestSuite.Top_N_DataValidation</td>
<td></td>
<td>0</td>
<td>com.eigenRisk.TestSuite.Top_N_DataValidation@45c8e616</td></tr>
<tr>
<td title='com.eigenRisk.TestSuite.Top_N_DataValidation.EvaluateCurrencyConversionFor_EUR()'><b>EvaluateCurrencyConversionFor_EUR</b><br>Test class: com.eigenRisk.TestSuite.Top_N_DataValidation</td>
<td></td>
<td>0</td>
<td>com.eigenRisk.TestSuite.Top_N_DataValidation@45c8e616</td></tr>
<tr>
<td title='com.eigenRisk.TestSuite.Top_N_DataValidation.EvaluateCurrencyConversionFor_JPY()'><b>EvaluateCurrencyConversionFor_JPY</b><br>Test class: com.eigenRisk.TestSuite.Top_N_DataValidation</td>
<td></td>
<td>0</td>
<td>com.eigenRisk.TestSuite.Top_N_DataValidation@45c8e616</td></tr>
<tr>
<td title='com.eigenRisk.TestSuite.Top_N_DataValidation.EvaluateCurrencyConversionFor_USD()'><b>EvaluateCurrencyConversionFor_USD</b><br>Test class: com.eigenRisk.TestSuite.Top_N_DataValidation</td>
<td></td>
<td>0</td>
<td>com.eigenRisk.TestSuite.Top_N_DataValidation@45c8e616</td></tr>
</table><p>
</body>
</html>