<?xml version="1.0" encoding="UTF-8"?>
<!-- Generated by org.testng.reporters.JUnitXMLReporter -->
<testsuite hostname="Abhilash" name="Create Account with Valid Last Name" tests="1" failures="1" timestamp="16 Sep 2015 09:09:23 GMT" time="26.274" errors="0">
  <testcase name="input_ValidLastName" time="17.88" classname="com.eigenRisk.TestSuite.LoginPage_CreateAccount">
    <failure type="java.lang.AssertionError">
      <![CDATA[java.lang.AssertionError
	at org.junit.Assert.fail(Assert.java:86)
	at org.junit.Assert.assertTrue(Assert.java:41)
	at org.junit.Assert.assertTrue(Assert.java:52)
	at com.eigenRisk.functionalities.CreateAnAccount.inputValidLastName(CreateAnAccount.java:102)
	at com.eigenRisk.TestSuite.LoginPage_CreateAccount.input_ValidLastName(LoginPage_CreateAccount.java:115)
	at java.util.concurrent.FutureTask.run(Unknown Source)
	at java.util.concurrent.ThreadPoolExecutor.runWorker(Unknown Source)
	at java.util.concurrent.ThreadPoolExecutor$Worker.run(Unknown Source)
	at java.lang.Thread.run(Unknown Source)
... Removed 16 stack frames]]>
    </failure>
  </testcase> <!-- input_ValidLastName -->
</testsuite> <!-- Create Account with Valid Last Name -->
