<html>
<head>
<title>TestNG:  EigenriskPrism-SmokeTestSuite</title>
<link href="../testng.css" rel="stylesheet" type="text/css" />
<link href="../my-testng.css" rel="stylesheet" type="text/css" />

<style type="text/css">
.log { display: none;} 
.stack-trace { display: none;} 
</style>
<script type="text/javascript">
<!--
function flip(e) {
  current = e.style.display;
  if (current == 'block') {
    e.style.display = 'none';
    return 0;
  }
  else {
    e.style.display = 'block';
    return 1;
  }
}

function toggleBox(szDivId, elem, msg1, msg2)
{
  var res = -1;  if (document.getElementById) {
    res = flip(document.getElementById(szDivId));
  }
  else if (document.all) {
    // this is the way old msie versions work
    res = flip(document.all[szDivId]);
  }
  if(elem) {
    if(res == 0) elem.innerHTML = msg1; else elem.innerHTML = msg2;
  }

}

function toggleAllBoxes() {
  if (document.getElementsByTagName) {
    d = document.getElementsByTagName('div');
    for (i = 0; i < d.length; i++) {
      if (d[i].className == 'log') {
        flip(d[i]);
      }
    }
  }
}

// -->
</script>

</head>
<body>
<h2 align='center'>EigenriskPrism-SmokeTestSuite</h2><table border='1' align="center">
<tr>
<td>Tests passed/Failed/Skipped:</td><td>20/1/0</td>
</tr><tr>
<td>Started on:</td><td>Sun May 24 17:41:12 IST 2015</td>
</tr>
<tr><td>Total time:</td><td>1303 seconds (1303170 ms)</td>
</tr><tr>
<td>Included groups:</td><td></td>
</tr><tr>
<td>Excluded groups:</td><td></td>
</tr>
</table><p/>
<small><i>(Hover the method name to see the test class name)</i></small><p/>
<table width='100%' border='1' class='invocation-failed'>
<tr><td colspan='4' align='center'><b>FAILED TESTS</b></td></tr>
<tr><td><b>Test method</b></td>
<td width="30%"><b>Exception</b></td>
<td width="10%"><b>Time (seconds)</b></td>
<td><b>Instance</b></td>
</tr>
<tr>
<td title='com.eigenRisk.TestSuite.LoginPage_CreateAccount.input_PasswordMismatch()'><b>input_PasswordMismatch</b><br>Test class: com.eigenRisk.TestSuite.LoginPage_CreateAccount</td>
<td><div><pre>org.openqa.selenium.TimeoutException: Timed out after 50 seconds waiting for visibility of element located by By.xpath: //input[@id=&apos;email&apos;][@name=&apos;email&apos;]
Build info: version: &apos;2.45.0&apos;, revision: &apos;32a636c&apos;, time: &apos;2015-03-05 22:01:35&apos;
System info: host: &apos;Abhilash&apos;, ip: &apos;192.168.0.100&apos;, os.name: &apos;Windows 7&apos;, os.arch: &apos;amd64&apos;, os.version: &apos;6.1&apos;, java.version: &apos;1.8.0_31&apos;
Driver info: org.openqa.selenium.firefox.FirefoxDriver
Capabilities [{applicationCacheEnabled=true, rotatable=false, handlesAlerts=true, databaseEnabled=true, version=38.0.1, platform=WINDOWS, nativeEvents=false, acceptSslCerts=true, webStorageEnabled=true, locationContextEnabled=true, browserName=firefox, takesScreenshot=true, javascriptEnabled=true, cssSelectorsEnabled=true}]
Session ID: 6fa345e3-5eca-4728-b380-f566e17c1f14
	at org.openqa.selenium.support.ui.WebDriverWait.timeoutException(WebDriverWait.java:79)
	at org.openqa.selenium.support.ui.FluentWait.until(FluentWait.java:228)
	at com.eigenRisk.functionalities.CreateAnAccount.clickCreateAnAccount(CreateAnAccount.java:23)
	at com.eigenRisk.functionalities.CreateAnAccount.inputPasswordMismatch(CreateAnAccount.java:103)
	at com.eigenRisk.TestSuite.LoginPage_CreateAccount.input_PasswordMismatch(LoginPage_CreateAccount.java:149)
	at java.util.concurrent.ThreadPoolExecutor.runWorker(Unknown Source)
	at java.util.concurrent.ThreadPoolExecutor$Worker.run(Unknown Source)
	at java.lang.Thread.run(Unknown Source)
Caused by: org.openqa.selenium.NoSuchElementException: Unable to locate element: {&quot;method&quot;:&quot;xpath&quot;,&quot;selector&quot;:&quot;//input[@id=&apos;email&apos;][@name=&apos;email&apos;]&quot;}
Command duration or timeout: 22 milliseconds
For documentation on this error, please visit: http://seleniumhq.org/exceptions/no_such_element.html
Build info: version: &apos;2.45.0&apos;, revision: &apos;32a636c&apos;, time: &apos;2015-03-05 22:01:35&apos;
System info: host: &apos;Abhilash&apos;, ip: &apos;192.168.0.100&apos;, os.name: &apos;Windows 7&apos;, os.arch: &apos;amd64&apos;, os.version: &apos;6.1&apos;, java.version: &apos;1.8.0_31&apos;
Driver info: org.openqa.selenium.firefox.FirefoxDriver
Capabilities [{applicationCacheEnabled=true, rotatable=false, handlesAlerts=true, databaseEnabled=true, version=38.0.1, platform=WINDOWS, nativeEvents=false, acceptSslCerts=true, webStorageEnabled=true, locationContextEnabled=true, browserName=firefox, takesScreenshot=true, javascriptEnabled=true, cssSelectorsEnabled=true}]
Session ID: 6fa345e3-5eca-4728-b380-f566e17c1f14
*** Element info: {Using=xpath, value=//input[@id=&apos;email&apos;][@name=&apos;email&apos;]}
	at org.openqa.selenium.remote.ErrorHandler.createThrowable(ErrorHandler.java:204)
	at org.openqa.selenium.remote.ErrorHandler.throwIfResponseFailed(ErrorHandler.java:156)
	at org.openqa.selenium.remote.RemoteWebDriver.execute(RemoteWebDriver.java:599)
	at org.openqa.selenium.remote.RemoteWebDriver.findElement(RemoteWebDriver.java:352)
	at org.openqa.selenium.remote.RemoteWebDriver.findElementByXPath(RemoteWebDriver.java:449)
	at org.openqa.selenium.By$ByXPath.findElement(By.java:357)
	at org.openqa.selenium.remote.RemoteWebDriver.findElement(RemoteWebDriver.java:344)
	at org.openqa.selenium.support.ui.ExpectedConditions.findElement(ExpectedConditions.java:730)
	at org.openqa.selenium.support.ui.ExpectedConditions.access$0(ExpectedConditions.java:728)
	at org.openqa.selenium.support.ui.ExpectedConditions$4.apply(ExpectedConditions.java:130)
	at org.openqa.selenium.support.ui.ExpectedConditions$4.apply(ExpectedConditions.java:1)
	at org.openqa.selenium.support.ui.FluentWait.until(FluentWait.java:208)
	... 16 more
Caused by: org.openqa.selenium.NoSuchElementException: Unable to locate element: {&quot;method&quot;:&quot;xpath&quot;,&quot;selector&quot;:&quot;//input[@id=&apos;email&apos;][@name=&apos;email&apos;]&quot;}
For documentation on this error, please visit: http://seleniumhq.org/exceptions/no_such_element.html
Build info: version: &apos;2.45.0&apos;, revision: &apos;32a636c&apos;, time: &apos;2015-03-05 22:01:35&apos;
System info: host: &apos;Abhilash&apos;, ip: &apos;192.168.0.100&apos;, os.name: &apos;Windows 7&apos;, os.arch: &apos;amd64&apos;, os.version: &apos;6.1&apos;, java.version: &apos;1.8.0_31&apos;
Driver info: driver.version: unknown
	at &lt;anonymous class&gt;.FirefoxDriver.prototype.findElementInternal_(file:///C:/Users/ABHILA~1/AppData/Local/Temp/anonymous4081108483358203764webdriver-profile/extensions/fxdriver@googlecode.com/components/driver-component.js:10271)
	at &lt;anonymous class&gt;.FirefoxDriver.prototype.findElement(file:///C:/Users/ABHILA~1/AppData/Local/Temp/anonymous4081108483358203764webdriver-profile/extensions/fxdriver@googlecode.com/components/driver-component.js:10280)
	at &lt;anonymous class&gt;.DelayedCommand.prototype.executeInternal_/h(file:///C:/Users/ABHILA~1/AppData/Local/Temp/anonymous4081108483358203764webdriver-profile/extensions/fxdriver@googlecode.com/components/command-processor.js:12274)
	at &lt;anonymous class&gt;.DelayedCommand.prototype.executeInternal_(file:///C:/Users/ABHILA~1/AppData/Local/Temp/anonymous4081108483358203764webdriver-profile/extensions/fxdriver@googlecode.com/components/command-processor.js:12279)
	at &lt;anonymous class&gt;.DelayedCommand.prototype.execute/&lt;(file:///C:/Users/ABHILA~1/AppData/Local/Temp/anonymous4081108483358203764webdriver-profile/extensions/fxdriver@googlecode.com/components/command-processor.js:12221)
... Removed 13 stack frames</pre></div><a href='#' onClick='toggleBox("stack-trace1295056748", this, "Click to show all stack frames", "Click to hide stack frames")'>Click to show all stack frames</a>
<div class='stack-trace' id='stack-trace1295056748'><pre>org.openqa.selenium.TimeoutException: Timed out after 50 seconds waiting for visibility of element located by By.xpath: //input[@id=&apos;email&apos;][@name=&apos;email&apos;]
Build info: version: &apos;2.45.0&apos;, revision: &apos;32a636c&apos;, time: &apos;2015-03-05 22:01:35&apos;
System info: host: &apos;Abhilash&apos;, ip: &apos;192.168.0.100&apos;, os.name: &apos;Windows 7&apos;, os.arch: &apos;amd64&apos;, os.version: &apos;6.1&apos;, java.version: &apos;1.8.0_31&apos;
Driver info: org.openqa.selenium.firefox.FirefoxDriver
Capabilities [{applicationCacheEnabled=true, rotatable=false, handlesAlerts=true, databaseEnabled=true, version=38.0.1, platform=WINDOWS, nativeEvents=false, acceptSslCerts=true, webStorageEnabled=true, locationContextEnabled=true, browserName=firefox, takesScreenshot=true, javascriptEnabled=true, cssSelectorsEnabled=true}]
Session ID: 6fa345e3-5eca-4728-b380-f566e17c1f14
	at org.openqa.selenium.support.ui.WebDriverWait.timeoutException(WebDriverWait.java:79)
	at org.openqa.selenium.support.ui.FluentWait.until(FluentWait.java:228)
	at com.eigenRisk.functionalities.CreateAnAccount.clickCreateAnAccount(CreateAnAccount.java:23)
	at com.eigenRisk.functionalities.CreateAnAccount.inputPasswordMismatch(CreateAnAccount.java:103)
	at com.eigenRisk.TestSuite.LoginPage_CreateAccount.input_PasswordMismatch(LoginPage_CreateAccount.java:149)
	at sun.reflect.NativeMethodAccessorImpl.invoke0(Native Method)
	at sun.reflect.NativeMethodAccessorImpl.invoke(Unknown Source)
	at sun.reflect.DelegatingMethodAccessorImpl.invoke(Unknown Source)
	at java.lang.reflect.Method.invoke(Unknown Source)
	at org.testng.internal.MethodInvocationHelper.invokeMethod(MethodInvocationHelper.java:84)
	at org.testng.internal.Invoker.invokeMethod(Invoker.java:714)
	at org.testng.internal.Invoker.invokeTestMethod(Invoker.java:901)
	at org.testng.internal.Invoker.invokeTestMethods(Invoker.java:1231)
	at org.testng.internal.TestMethodWorker.invokeTestMethods(TestMethodWorker.java:127)
	at org.testng.internal.TestMethodWorker.run(TestMethodWorker.java:111)
	at java.util.concurrent.ThreadPoolExecutor.runWorker(Unknown Source)
	at java.util.concurrent.ThreadPoolExecutor$Worker.run(Unknown Source)
	at java.lang.Thread.run(Unknown Source)
Caused by: org.openqa.selenium.NoSuchElementException: Unable to locate element: {&quot;method&quot;:&quot;xpath&quot;,&quot;selector&quot;:&quot;//input[@id=&apos;email&apos;][@name=&apos;email&apos;]&quot;}
Command duration or timeout: 22 milliseconds
For documentation on this error, please visit: http://seleniumhq.org/exceptions/no_such_element.html
Build info: version: &apos;2.45.0&apos;, revision: &apos;32a636c&apos;, time: &apos;2015-03-05 22:01:35&apos;
System info: host: &apos;Abhilash&apos;, ip: &apos;192.168.0.100&apos;, os.name: &apos;Windows 7&apos;, os.arch: &apos;amd64&apos;, os.version: &apos;6.1&apos;, java.version: &apos;1.8.0_31&apos;
Driver info: org.openqa.selenium.firefox.FirefoxDriver
Capabilities [{applicationCacheEnabled=true, rotatable=false, handlesAlerts=true, databaseEnabled=true, version=38.0.1, platform=WINDOWS, nativeEvents=false, acceptSslCerts=true, webStorageEnabled=true, locationContextEnabled=true, browserName=firefox, takesScreenshot=true, javascriptEnabled=true, cssSelectorsEnabled=true}]
Session ID: 6fa345e3-5eca-4728-b380-f566e17c1f14
*** Element info: {Using=xpath, value=//input[@id=&apos;email&apos;][@name=&apos;email&apos;]}
	at sun.reflect.GeneratedConstructorAccessor16.newInstance(Unknown Source)
	at sun.reflect.DelegatingConstructorAccessorImpl.newInstance(Unknown Source)
	at java.lang.reflect.Constructor.newInstance(Unknown Source)
	at org.openqa.selenium.remote.ErrorHandler.createThrowable(ErrorHandler.java:204)
	at org.openqa.selenium.remote.ErrorHandler.throwIfResponseFailed(ErrorHandler.java:156)
	at org.openqa.selenium.remote.RemoteWebDriver.execute(RemoteWebDriver.java:599)
	at org.openqa.selenium.remote.RemoteWebDriver.findElement(RemoteWebDriver.java:352)
	at org.openqa.selenium.remote.RemoteWebDriver.findElementByXPath(RemoteWebDriver.java:449)
	at org.openqa.selenium.By$ByXPath.findElement(By.java:357)
	at org.openqa.selenium.remote.RemoteWebDriver.findElement(RemoteWebDriver.java:344)
	at org.openqa.selenium.support.ui.ExpectedConditions.findElement(ExpectedConditions.java:730)
	at org.openqa.selenium.support.ui.ExpectedConditions.access$0(ExpectedConditions.java:728)
	at org.openqa.selenium.support.ui.ExpectedConditions$4.apply(ExpectedConditions.java:130)
	at org.openqa.selenium.support.ui.ExpectedConditions$4.apply(ExpectedConditions.java:1)
	at org.openqa.selenium.support.ui.FluentWait.until(FluentWait.java:208)
	... 16 more
Caused by: org.openqa.selenium.NoSuchElementException: Unable to locate element: {&quot;method&quot;:&quot;xpath&quot;,&quot;selector&quot;:&quot;//input[@id=&apos;email&apos;][@name=&apos;email&apos;]&quot;}
For documentation on this error, please visit: http://seleniumhq.org/exceptions/no_such_element.html
Build info: version: &apos;2.45.0&apos;, revision: &apos;32a636c&apos;, time: &apos;2015-03-05 22:01:35&apos;
System info: host: &apos;Abhilash&apos;, ip: &apos;192.168.0.100&apos;, os.name: &apos;Windows 7&apos;, os.arch: &apos;amd64&apos;, os.version: &apos;6.1&apos;, java.version: &apos;1.8.0_31&apos;
Driver info: driver.version: unknown
	at &lt;anonymous class&gt;.FirefoxDriver.prototype.findElementInternal_(file:///C:/Users/ABHILA~1/AppData/Local/Temp/anonymous4081108483358203764webdriver-profile/extensions/fxdriver@googlecode.com/components/driver-component.js:10271)
	at &lt;anonymous class&gt;.FirefoxDriver.prototype.findElement(file:///C:/Users/ABHILA~1/AppData/Local/Temp/anonymous4081108483358203764webdriver-profile/extensions/fxdriver@googlecode.com/components/driver-component.js:10280)
	at &lt;anonymous class&gt;.DelayedCommand.prototype.executeInternal_/h(file:///C:/Users/ABHILA~1/AppData/Local/Temp/anonymous4081108483358203764webdriver-profile/extensions/fxdriver@googlecode.com/components/command-processor.js:12274)
	at &lt;anonymous class&gt;.DelayedCommand.prototype.executeInternal_(file:///C:/Users/ABHILA~1/AppData/Local/Temp/anonymous4081108483358203764webdriver-profile/extensions/fxdriver@googlecode.com/components/command-processor.js:12279)
	at &lt;anonymous class&gt;.DelayedCommand.prototype.execute/&lt;(file:///C:/Users/ABHILA~1/AppData/Local/Temp/anonymous4081108483358203764webdriver-profile/extensions/fxdriver@googlecode.com/components/command-processor.js:12221)
</pre></div></td>
<td>55</td>
<td>com.eigenRisk.TestSuite.LoginPage_CreateAccount@16c0663d</td></tr>
</table><p>
<table width='100%' border='1' class='invocation-passed'>
<tr><td colspan='4' align='center'><b>PASSED TESTS</b></td></tr>
<tr><td><b>Test method</b></td>
<td width="30%"><b>Exception</b></td>
<td width="10%"><b>Time (seconds)</b></td>
<td><b>Instance</b></td>
</tr>
<tr>
<td title='com.eigenRisk.TestSuite.LoginPage_CreateAccount.clickCreateAnAccountLink()'><b>clickCreateAnAccountLink</b><br>Test class: com.eigenRisk.TestSuite.LoginPage_CreateAccount</td>
<td></td>
<td>9</td>
<td>com.eigenRisk.TestSuite.LoginPage_CreateAccount@16c0663d</td></tr>
<tr>
<td title='com.eigenRisk.TestSuite.LoginPage_ForgotPassword.click_ForgotPasswordLink()'><b>click_ForgotPasswordLink</b><br>Test class: com.eigenRisk.TestSuite.LoginPage_ForgotPassword</td>
<td></td>
<td>8</td>
<td>com.eigenRisk.TestSuite.LoginPage_ForgotPassword@6debcae2</td></tr>
<tr>
<td title='com.eigenRisk.TestSuite.Exposure_Import.importExposure_50MB_ValidFile_Excel()'><b>importExposure_50MB_ValidFile_Excel</b><br>Test class: com.eigenRisk.TestSuite.Exposure_Import</td>
<td></td>
<td>32</td>
<td>com.eigenRisk.TestSuite.Exposure_Import@5ba23b66</td></tr>
<tr>
<td title='com.eigenRisk.TestSuite.Exposure_Import.importExposure_InvalidFile_CSV()'><b>importExposure_InvalidFile_CSV</b><br>Test class: com.eigenRisk.TestSuite.Exposure_Import</td>
<td></td>
<td>38</td>
<td>com.eigenRisk.TestSuite.Exposure_Import@5ba23b66</td></tr>
<tr>
<td title='com.eigenRisk.TestSuite.Exposure_Import.importExposure_InvalidFile_Excel()'><b>importExposure_InvalidFile_Excel</b><br>Test class: com.eigenRisk.TestSuite.Exposure_Import</td>
<td></td>
<td>60</td>
<td>com.eigenRisk.TestSuite.Exposure_Import@5ba23b66</td></tr>
<tr>
<td title='com.eigenRisk.TestSuite.Exposure_Import.importExposure_ValidFile_CSV()'><b>importExposure_ValidFile_CSV</b><br>Test class: com.eigenRisk.TestSuite.Exposure_Import</td>
<td></td>
<td>63</td>
<td>com.eigenRisk.TestSuite.Exposure_Import@5ba23b66</td></tr>
<tr>
<td title='com.eigenRisk.TestSuite.Exposure_Import.importExposure_ValidFile_Excel()'><b>importExposure_ValidFile_Excel</b><br>Test class: com.eigenRisk.TestSuite.Exposure_Import</td>
<td></td>
<td>82</td>
<td>com.eigenRisk.TestSuite.Exposure_Import@5ba23b66</td></tr>
<tr>
<td title='com.eigenRisk.TestSuite.LoginPage_CreateAccount.input_AlreadyRegisteredEmail()'><b>input_AlreadyRegisteredEmail</b><br>Test class: com.eigenRisk.TestSuite.LoginPage_CreateAccount</td>
<td></td>
<td>19</td>
<td>com.eigenRisk.TestSuite.LoginPage_CreateAccount@16c0663d</td></tr>
<tr>
<td title='com.eigenRisk.TestSuite.LoginPage_CreateAccount.input_InvalidFirstName()'><b>input_InvalidFirstName</b><br>Test class: com.eigenRisk.TestSuite.LoginPage_CreateAccount</td>
<td></td>
<td>14</td>
<td>com.eigenRisk.TestSuite.LoginPage_CreateAccount@16c0663d</td></tr>
<tr>
<td title='com.eigenRisk.TestSuite.LoginPage_CreateAccount.input_InvalidLastName()'><b>input_InvalidLastName</b><br>Test class: com.eigenRisk.TestSuite.LoginPage_CreateAccount</td>
<td></td>
<td>15</td>
<td>com.eigenRisk.TestSuite.LoginPage_CreateAccount@16c0663d</td></tr>
<tr>
<td title='com.eigenRisk.TestSuite.LoginPage_CreateAccount.input_UnRegisteredEmail()'><b>input_UnRegisteredEmail</b><br>Test class: com.eigenRisk.TestSuite.LoginPage_CreateAccount</td>
<td></td>
<td>19</td>
<td>com.eigenRisk.TestSuite.LoginPage_CreateAccount@16c0663d</td></tr>
<tr>
<td title='com.eigenRisk.TestSuite.LoginPage_CreateAccount.input_ValidFirstName()'><b>input_ValidFirstName</b><br>Test class: com.eigenRisk.TestSuite.LoginPage_CreateAccount</td>
<td></td>
<td>20</td>
<td>com.eigenRisk.TestSuite.LoginPage_CreateAccount@16c0663d</td></tr>
<tr>
<td title='com.eigenRisk.TestSuite.LoginPage_CreateAccount.input_ValidLastName()'><b>input_ValidLastName</b><br>Test class: com.eigenRisk.TestSuite.LoginPage_CreateAccount</td>
<td></td>
<td>22</td>
<td>com.eigenRisk.TestSuite.LoginPage_CreateAccount@16c0663d</td></tr>
<tr>
<td title='com.eigenRisk.TestSuite.LoginPage.loginToPrism_BlankPassword()'><b>loginToPrism_BlankPassword</b><br>Test class: com.eigenRisk.TestSuite.LoginPage</td>
<td></td>
<td>595</td>
<td>com.eigenRisk.TestSuite.LoginPage@2ff4f00f</td></tr>
<tr>
<td title='com.eigenRisk.TestSuite.LoginPage.loginToPrism_BlankUserName()'><b>loginToPrism_BlankUserName</b><br>Test class: com.eigenRisk.TestSuite.LoginPage</td>
<td></td>
<td>13</td>
<td>com.eigenRisk.TestSuite.LoginPage@2ff4f00f</td></tr>
<tr>
<td title='com.eigenRisk.TestSuite.LoginPage.loginToPrism_InvalidPassword()'><b>loginToPrism_InvalidPassword</b><br>Test class: com.eigenRisk.TestSuite.LoginPage</td>
<td></td>
<td>9</td>
<td>com.eigenRisk.TestSuite.LoginPage@2ff4f00f</td></tr>
<tr>
<td title='com.eigenRisk.TestSuite.LoginPage.loginToPrism_InvalidUserName()'><b>loginToPrism_InvalidUserName</b><br>Test class: com.eigenRisk.TestSuite.LoginPage</td>
<td></td>
<td>10</td>
<td>com.eigenRisk.TestSuite.LoginPage@2ff4f00f</td></tr>
<tr>
<td title='com.eigenRisk.TestSuite.LoginPage.loginToPrism_ValidCredentials()'><b>loginToPrism_ValidCredentials</b><br>Test class: com.eigenRisk.TestSuite.LoginPage</td>
<td></td>
<td>19</td>
<td>com.eigenRisk.TestSuite.LoginPage@2ff4f00f</td></tr>
<tr>
<td title='com.eigenRisk.TestSuite.LoginPage_ForgotPassword.resetPassword_RegisteredEmail()'><b>resetPassword_RegisteredEmail</b><br>Test class: com.eigenRisk.TestSuite.LoginPage_ForgotPassword</td>
<td></td>
<td>9</td>
<td>com.eigenRisk.TestSuite.LoginPage_ForgotPassword@6debcae2</td></tr>
<tr>
<td title='com.eigenRisk.TestSuite.LoginPage_ForgotPassword.resetPassword_UnRegisteredEmail()'><b>resetPassword_UnRegisteredEmail</b><br>Test class: com.eigenRisk.TestSuite.LoginPage_ForgotPassword</td>
<td></td>
<td>9</td>
<td>com.eigenRisk.TestSuite.LoginPage_ForgotPassword@6debcae2</td></tr>
</table><p>
</body>
</html>