<?xml version="1.0" encoding="UTF-8"?>
<!-- Generated by org.testng.reporters.JUnitXMLReporter -->
<testsuite hostname="Abhilash" name="EigenriskPrism-SmokeTestSuite" tests="21" failures="1" timestamp="24 May 2015 12:32:55 GMT" time="1303.17" errors="0">
  <testcase name="clickCreateAnAccountLink" time="9.018" classname="com.eigenRisk.TestSuite.LoginPage_CreateAccount"/>
  <testcase name="input_ValidFirstName" time="20.637" classname="com.eigenRisk.TestSuite.LoginPage_CreateAccount"/>
  <testcase name="loginToPrism_ValidCredentials" time="19.874" classname="com.eigenRisk.TestSuite.LoginPage"/>
  <testcase name="importExposure_ValidFile_Excel" time="82.724" classname="com.eigenRisk.TestSuite.Exposure_Import"/>
  <testcase name="click_ForgotPasswordLink" time="8.238" classname="com.eigenRisk.TestSuite.LoginPage_ForgotPassword"/>
  <testcase name="resetPassword_UnRegisteredEmail" time="9.691" classname="com.eigenRisk.TestSuite.LoginPage_ForgotPassword"/>
  <testcase name="loginToPrism_InvalidUserName" time="10.827" classname="com.eigenRisk.TestSuite.LoginPage"/>
  <testcase name="resetPassword_RegisteredEmail" time="9.92" classname="com.eigenRisk.TestSuite.LoginPage_ForgotPassword"/>
  <testcase name="loginToPrism_InvalidPassword" time="9.832" classname="com.eigenRisk.TestSuite.LoginPage"/>
  <testcase name="input_InvalidFirstName" time="14.688" classname="com.eigenRisk.TestSuite.LoginPage_CreateAccount"/>
  <testcase name="loginToPrism_BlankUserName" time="13.881" classname="com.eigenRisk.TestSuite.LoginPage"/>
  <testcase name="importExposure_InvalidFile_Excel" time="60.319" classname="com.eigenRisk.TestSuite.Exposure_Import"/>
  <testcase name="loginToPrism_BlankPassword" time="595.522" classname="com.eigenRisk.TestSuite.LoginPage"/>
  <testcase name="input_ValidLastName" time="22.09" classname="com.eigenRisk.TestSuite.LoginPage_CreateAccount"/>
  <testcase name="importExposure_50MB_ValidFile_Excel" time="32.806" classname="com.eigenRisk.TestSuite.Exposure_Import"/>
  <testcase name="input_InvalidLastName" time="15.589" classname="com.eigenRisk.TestSuite.LoginPage_CreateAccount"/>
  <testcase name="importExposure_ValidFile_CSV" time="63.203" classname="com.eigenRisk.TestSuite.Exposure_Import"/>
  <testcase name="input_AlreadyRegisteredEmail" time="19.957" classname="com.eigenRisk.TestSuite.LoginPage_CreateAccount"/>
  <testcase name="importExposure_InvalidFile_CSV" time="38.944" classname="com.eigenRisk.TestSuite.Exposure_Import"/>
  <testcase name="input_UnRegisteredEmail" time="19.977" classname="com.eigenRisk.TestSuite.LoginPage_CreateAccount"/>
  <testcase name="input_PasswordMismatch" time="55.022" classname="com.eigenRisk.TestSuite.LoginPage_CreateAccount">
    <failure type="org.openqa.selenium.TimeoutException" message="Timed out after 50 seconds waiting for visibility of element located by By.xpath: //input[@id=&amp;apos;email&amp;apos;][@name=&amp;apos;email&amp;apos;]
Build info: version: &amp;apos;2.45.0&amp;apos;, revision: &amp;apos;32a636c&amp;apos;, time: &amp;apos;2015-03-05 22:01:35&amp;apos;
System info: host: &amp;apos;Abhilash&amp;apos;, ip: &amp;apos;192.168.0.100&amp;apos;, os.name: &amp;apos;Windows 7&amp;apos;, os.arch: &amp;apos;amd64&amp;apos;, os.version: &amp;apos;6.1&amp;apos;, java.version: &amp;apos;1.8.0_31&amp;apos;
Driver info: org.openqa.selenium.firefox.FirefoxDriver
Capabilities [{applicationCacheEnabled=true, rotatable=false, handlesAlerts=true, databaseEnabled=true, version=38.0.1, platform=WINDOWS, nativeEvents=false, acceptSslCerts=true, webStorageEnabled=true, locationContextEnabled=true, browserName=firefox, takesScreenshot=true, javascriptEnabled=true, cssSelectorsEnabled=true}]
Session ID: 6fa345e3-5eca-4728-b380-f566e17c1f14">
      <![CDATA[org.openqa.selenium.TimeoutException: Timed out after 50 seconds waiting for visibility of element located by By.xpath: //input[@id='email'][@name='email']
Build info: version: '2.45.0', revision: '32a636c', time: '2015-03-05 22:01:35'
System info: host: 'Abhilash', ip: '192.168.0.100', os.name: 'Windows 7', os.arch: 'amd64', os.version: '6.1', java.version: '1.8.0_31'
Driver info: org.openqa.selenium.firefox.FirefoxDriver
Capabilities [{applicationCacheEnabled=true, rotatable=false, handlesAlerts=true, databaseEnabled=true, version=38.0.1, platform=WINDOWS, nativeEvents=false, acceptSslCerts=true, webStorageEnabled=true, locationContextEnabled=true, browserName=firefox, takesScreenshot=true, javascriptEnabled=true, cssSelectorsEnabled=true}]
Session ID: 6fa345e3-5eca-4728-b380-f566e17c1f14
	at org.openqa.selenium.support.ui.WebDriverWait.timeoutException(WebDriverWait.java:79)
	at org.openqa.selenium.support.ui.FluentWait.until(FluentWait.java:228)
	at com.eigenRisk.functionalities.CreateAnAccount.clickCreateAnAccount(CreateAnAccount.java:23)
	at com.eigenRisk.functionalities.CreateAnAccount.inputPasswordMismatch(CreateAnAccount.java:103)
	at com.eigenRisk.TestSuite.LoginPage_CreateAccount.input_PasswordMismatch(LoginPage_CreateAccount.java:149)
	at java.util.concurrent.ThreadPoolExecutor.runWorker(Unknown Source)
	at java.util.concurrent.ThreadPoolExecutor$Worker.run(Unknown Source)
	at java.lang.Thread.run(Unknown Source)
Caused by: org.openqa.selenium.NoSuchElementException: Unable to locate element: {"method":"xpath","selector":"//input[@id='email'][@name='email']"}
Command duration or timeout: 22 milliseconds
For documentation on this error, please visit: http://seleniumhq.org/exceptions/no_such_element.html
Build info: version: '2.45.0', revision: '32a636c', time: '2015-03-05 22:01:35'
System info: host: 'Abhilash', ip: '192.168.0.100', os.name: 'Windows 7', os.arch: 'amd64', os.version: '6.1', java.version: '1.8.0_31'
Driver info: org.openqa.selenium.firefox.FirefoxDriver
Capabilities [{applicationCacheEnabled=true, rotatable=false, handlesAlerts=true, databaseEnabled=true, version=38.0.1, platform=WINDOWS, nativeEvents=false, acceptSslCerts=true, webStorageEnabled=true, locationContextEnabled=true, browserName=firefox, takesScreenshot=true, javascriptEnabled=true, cssSelectorsEnabled=true}]
Session ID: 6fa345e3-5eca-4728-b380-f566e17c1f14
*** Element info: {Using=xpath, value=//input[@id='email'][@name='email']}
	at org.openqa.selenium.remote.ErrorHandler.createThrowable(ErrorHandler.java:204)
	at org.openqa.selenium.remote.ErrorHandler.throwIfResponseFailed(ErrorHandler.java:156)
	at org.openqa.selenium.remote.RemoteWebDriver.execute(RemoteWebDriver.java:599)
	at org.openqa.selenium.remote.RemoteWebDriver.findElement(RemoteWebDriver.java:352)
	at org.openqa.selenium.remote.RemoteWebDriver.findElementByXPath(RemoteWebDriver.java:449)
	at org.openqa.selenium.By$ByXPath.findElement(By.java:357)
	at org.openqa.selenium.remote.RemoteWebDriver.findElement(RemoteWebDriver.java:344)
	at org.openqa.selenium.support.ui.ExpectedConditions.findElement(ExpectedConditions.java:730)
	at org.openqa.selenium.support.ui.ExpectedConditions.access$0(ExpectedConditions.java:728)
	at org.openqa.selenium.support.ui.ExpectedConditions$4.apply(ExpectedConditions.java:130)
	at org.openqa.selenium.support.ui.ExpectedConditions$4.apply(ExpectedConditions.java:1)
	at org.openqa.selenium.support.ui.FluentWait.until(FluentWait.java:208)
	... 16 more
Caused by: org.openqa.selenium.NoSuchElementException: Unable to locate element: {"method":"xpath","selector":"//input[@id='email'][@name='email']"}
For documentation on this error, please visit: http://seleniumhq.org/exceptions/no_such_element.html
Build info: version: '2.45.0', revision: '32a636c', time: '2015-03-05 22:01:35'
System info: host: 'Abhilash', ip: '192.168.0.100', os.name: 'Windows 7', os.arch: 'amd64', os.version: '6.1', java.version: '1.8.0_31'
Driver info: driver.version: unknown
	at <anonymous class>.FirefoxDriver.prototype.findElementInternal_(file:///C:/Users/ABHILA~1/AppData/Local/Temp/anonymous4081108483358203764webdriver-profile/extensions/fxdriver@googlecode.com/components/driver-component.js:10271)
	at <anonymous class>.FirefoxDriver.prototype.findElement(file:///C:/Users/ABHILA~1/AppData/Local/Temp/anonymous4081108483358203764webdriver-profile/extensions/fxdriver@googlecode.com/components/driver-component.js:10280)
	at <anonymous class>.DelayedCommand.prototype.executeInternal_/h(file:///C:/Users/ABHILA~1/AppData/Local/Temp/anonymous4081108483358203764webdriver-profile/extensions/fxdriver@googlecode.com/components/command-processor.js:12274)
	at <anonymous class>.DelayedCommand.prototype.executeInternal_(file:///C:/Users/ABHILA~1/AppData/Local/Temp/anonymous4081108483358203764webdriver-profile/extensions/fxdriver@googlecode.com/components/command-processor.js:12279)
	at <anonymous class>.DelayedCommand.prototype.execute/<(file:///C:/Users/ABHILA~1/AppData/Local/Temp/anonymous4081108483358203764webdriver-profile/extensions/fxdriver@googlecode.com/components/command-processor.js:12221)
... Removed 13 stack frames]]>
    </failure>
  </testcase> <!-- input_PasswordMismatch -->
</testsuite> <!-- EigenriskPrism-SmokeTestSuite -->
